<?xml version="1.0" encoding="UTF-8"?>
<!-- Generated by org.testng.reporters.JUnitXMLReporter -->
<testsuite hostname="localhost" name="Test" tests="16" failures="0" timestamp="28 Dec 2015 05:20:13 GMT" time="122.444" errors="0">
  <testcase name="verifyAllLoginCases" time="70.523" classname="reusablecases.UQLogin"/>
  <testcase name="emptyEmail" time="0.0" classname="reusablecases.UQLogin">
    <skipped/>
  </testcase> <!-- emptyEmail -->
  <testcase name="emptyPassword" time="0.0" classname="reusablecases.UQLogin">
    <skipped/>
  </testcase> <!-- emptyPassword -->
  <testcase name="emptyUserName_Password" time="0.0" classname="reusablecases.UQLogin">
    <skipped/>
  </testcase> <!-- emptyUserName_Password -->
  <testcase name="incorrectEmail" time="0.0" classname="reusablecases.UQLogin">
    <skipped/>
  </testcase> <!-- incorrectEmail -->
  <testcase name="incorrectPassword" time="0.0" classname="reusablecases.UQLogin">
    <skipped/>
  </testcase> <!-- incorrectPassword -->
  <testcase name="passwordLengthLessThanSixChar" time="0.0" classname="reusablecases.UQLogin">
    <skipped/>
  </testcase> <!-- passwordLengthLessThanSixChar -->
  <testcase name="validLogin" time="0.0" classname="reusablecases.UQLogin">
    <skipped/>
  </testcase> <!-- validLogin -->
  <testcase name="verifyInvalidemailFormat" time="0.0" classname="reusablecases.UQLogin">
    <skipped/>
  </testcase> <!-- verifyInvalidemailFormat -->
  <testcase name="verifyAllRegistrationCases" time="51.875" classname="reusablecases.UQRegistration"/>
  <testcase name="allFieldsEmpty" time="0.0" classname="reusablecases.UQRegistration">
    <skipped/>
  </testcase> <!-- allFieldsEmpty -->
  <testcase name="emptyPassword" time="0.0" classname="reusablecases.UQRegistration">
    <skipped/>
  </testcase> <!-- emptyPassword -->
  <testcase name="verifyAlreadyUsedEmail" time="0.0" classname="reusablecases.UQRegistration">
    <skipped/>
  </testcase> <!-- verifyAlreadyUsedEmail -->
  <testcase name="verifyEmailFormat" time="0.0" classname="reusablecases.UQRegistration">
    <skipped/>
  </testcase> <!-- verifyEmailFormat -->
  <testcase name="verifyMismatchPassword_ConfirmPassword" time="0.0" classname="reusablecases.UQRegistration">
    <skipped/>
  </testcase> <!-- verifyMismatchPassword_ConfirmPassword -->
  <testcase name="verifyNewRegistration" time="0.0" classname="reusablecases.UQRegistration">
    <skipped/>
  </testcase> <!-- verifyNewRegistration -->
</testsuite> <!-- Test -->
