<?xml version="1.0" encoding="UTF-8"?>
<testng-results skipped="0" failed="1" total="1" passed="0">
  <reporter-output>
  </reporter-output>
  <suite name="Default suite" duration-ms="44519" started-at="2016-08-03T13:01:30Z" finished-at="2016-08-03T13:02:15Z">
    <groups>
    </groups>
    <test name="Default test" duration-ms="44519" started-at="2016-08-03T13:01:30Z" finished-at="2016-08-03T13:02:15Z">
      <class name="regressioncases.AllModule">
        <test-method status="PASS" signature="beforeClass()[pri:0, instance:regressioncases.AllModule@67b64c45]" name="beforeClass" is-config="true" duration-ms="802" started-at="2016-08-03T18:31:30Z" finished-at="2016-08-03T18:31:31Z">
          <reporter-output>
          </reporter-output>
        </test-method> <!-- beforeClass -->
        <test-method status="PASS" signature="beforeMethod()[pri:0, instance:regressioncases.AllModule@67b64c45]" name="beforeMethod" is-config="true" duration-ms="10174" started-at="2016-08-03T18:31:31Z" finished-at="2016-08-03T18:31:41Z">
          <reporter-output>
          </reporter-output>
        </test-method> <!-- beforeMethod -->
        <test-method status="FAIL" signature="main()[pri:0, instance:regressioncases.AllModule@67b64c45]" name="main" duration-ms="28695" started-at="2016-08-03T18:31:41Z" finished-at="2016-08-03T18:32:10Z">
          <exception class="org.junit.ComparisonFailure">
            <message>
              <![CDATA[expected:<[db14a98b-295f-43ba-a108-2fd6ac48df82]@it.com> but was:<[5f4709ae-7f6f-4975-854b-140d721e61f1]@it.com>]]>
            </message>
            <full-stacktrace>
              <![CDATA[org.junit.ComparisonFailure: expected:<[db14a98b-295f-43ba-a108-2fd6ac48df82]@it.com> but was:<[5f4709ae-7f6f-4975-854b-140d721e61f1]@it.com>
	at org.junit.Assert.assertEquals(Assert.java:115)
	at org.junit.Assert.assertEquals(Assert.java:144)
	at uqmoduletestcases.UQDeckShareCases.verifyRecordInDatabase(UQDeckShareCases.java:377)
	at uqmoduletestcases.UQDeckShareCases.verifySendInviteNonUQPeople(UQDeckShareCases.java:97)
	at uqmoduletestcases.UQDeckShareCases.verifyAllDeckShareCases(UQDeckShareCases.java:423)
	at regressioncases.AllModule.main(AllModule.java:126)
	at sun.reflect.NativeMethodAccessorImpl.invoke0(Native Method)
	at sun.reflect.NativeMethodAccessorImpl.invoke(NativeMethodAccessorImpl.java:62)
	at sun.reflect.DelegatingMethodAccessorImpl.invoke(DelegatingMethodAccessorImpl.java:43)
	at java.lang.reflect.Method.invoke(Method.java:497)
	at org.testng.internal.MethodInvocationHelper.invokeMethod(MethodInvocationHelper.java:85)
	at org.testng.internal.Invoker.invokeMethod(Invoker.java:639)
	at org.testng.internal.Invoker.invokeTestMethod(Invoker.java:821)
	at org.testng.internal.Invoker.invokeTestMethods(Invoker.java:1131)
	at org.testng.internal.TestMethodWorker.invokeTestMethods(TestMethodWorker.java:124)
	at org.testng.internal.TestMethodWorker.run(TestMethodWorker.java:108)
	at org.testng.TestRunner.privateRun(TestRunner.java:773)
	at org.testng.TestRunner.run(TestRunner.java:623)
	at org.testng.SuiteRunner.runTest(SuiteRunner.java:357)
	at org.testng.SuiteRunner.runSequentially(SuiteRunner.java:352)
	at org.testng.SuiteRunner.privateRun(SuiteRunner.java:310)
	at org.testng.SuiteRunner.run(SuiteRunner.java:259)
	at org.testng.SuiteRunnerWorker.runSuite(SuiteRunnerWorker.java:52)
	at org.testng.SuiteRunnerWorker.run(SuiteRunnerWorker.java:86)
	at org.testng.TestNG.runSuitesSequentially(TestNG.java:1185)
	at org.testng.TestNG.runSuitesLocally(TestNG.java:1110)
	at org.testng.TestNG.run(TestNG.java:1018)
	at org.testng.remote.RemoteTestNG.run(RemoteTestNG.java:111)
	at org.testng.remote.RemoteTestNG.initAndRun(RemoteTestNG.java:204)
	at org.testng.remote.RemoteTestNG.main(RemoteTestNG.java:175)
]]>
            </full-stacktrace>
          </exception> <!-- org.junit.ComparisonFailure -->
          <reporter-output>
          </reporter-output>
        </test-method> <!-- main -->
        <test-method status="PASS" signature="afterEachTest(org.testng.ITestResult)[pri:0, instance:regressioncases.AllModule@67b64c45]" name="afterEachTest" is-config="true" duration-ms="4836" started-at="2016-08-03T18:32:10Z" finished-at="2016-08-03T18:32:15Z">
          <params>
            <param index="0">
              <value>
                <![CDATA[[TestResult name=main status=FAILURE method=AllModule.main()[pri:0, instance:regressioncases.AllModule@67b64c45] output={null}]]]>
              </value>
            </param>
          </params>
          <reporter-output>
          </reporter-output>
        </test-method> <!-- afterEachTest -->
        <test-method status="PASS" signature="afterMethod()[pri:0, instance:regressioncases.AllModule@67b64c45]" name="afterMethod" is-config="true" duration-ms="0" started-at="2016-08-03T18:32:10Z" finished-at="2016-08-03T18:32:10Z">
          <reporter-output>
          </reporter-output>
        </test-method> <!-- afterMethod -->
        <test-method status="PASS" signature="afterSuite()[pri:0, instance:regressioncases.AllModule@67b64c45]" name="afterSuite" is-config="true" duration-ms="824" started-at="2016-08-03T18:32:15Z" finished-at="2016-08-03T18:32:16Z">
          <reporter-output>
          </reporter-output>
        </test-method> <!-- afterSuite -->
      </class> <!-- regressioncases.AllModule -->
    </test> <!-- Default test -->
  </suite> <!-- Default suite -->
</testng-results>
